2021-07-07 17:58:54.129 DEBUG 16980 --- [http-nio-8887-exec-3] l.h.c.m.N.countByExample                 : <==      Total: 1
2021-07-07 17:58:54.129 DEBUG 16980 --- [http-nio-8887-exec-2] l.h.c.mapper.UserMapper.selectByExample  : <==      Total: 1
2021-07-07 17:58:54.129 DEBUG 16980 --- [http-nio-8887-exec-6] l.h.c.m.N.countByExample                 : ==> Parameters: 193(Integer), 0(Integer)
2021-07-07 17:58:54.134 DEBUG 16980 --- [http-nio-8887-exec-6] l.h.c.m.N.countByExample                 : <==      Total: 1
2021-07-07 17:58:54.134 DEBUG 16980 --- [http-nio-8887-exec-2] l.h.c.m.N.countByExample                 : ==>  Preparing: select count(*) from NOTIFICATION WHERE ( RECEIVER = ? and STATUS = ? )
2021-07-07 17:58:54.135 DEBUG 16980 --- [http-nio-8887-exec-2] l.h.c.m.N.countByExample                 : ==> Parameters: 193(Integer), 0(Integer)
2021-07-07 17:58:54.129 DEBUG 16980 --- [http-nio-8887-exec-5] l.h.c.mapper.UserMapper.selectByExample  : <==      Total: 1
2021-07-07 17:58:54.135 DEBUG 16980 --- [http-nio-8887-exec-2] l.h.c.m.N.countByExample                 : <==      Total: 1
2021-07-07 17:58:54.135 DEBUG 16980 --- [http-nio-8887-exec-5] l.h.c.m.N.countByExample                 : ==>  Preparing: select count(*) from NOTIFICATION WHERE ( RECEIVER = ? and STATUS = ? )
2021-07-07 17:58:54.136 DEBUG 16980 --- [http-nio-8887-exec-5] l.h.c.m.N.countByExample                 : ==> Parameters: 193(Integer), 0(Integer)
2021-07-07 17:58:54.137 DEBUG 16980 --- [http-nio-8887-exec-5] l.h.c.m.N.countByExample                 : <==      Total: 1
2021-07-07 17:58:54.158 DEBUG 16980 --- [http-nio-8887-exec-4] l.h.c.mapper.UserMapper.selectByExample  : ==>  Preparing: select ID, ACCOUNT_ID, NAME, TOKEN, GMT_CREATE, GMT_MODIFIED, BIO, AVATAR_URL from USER WHERE ( TOKEN = ? )
2021-07-07 17:58:54.158 DEBUG 16980 --- [http-nio-8887-exec-4] l.h.c.mapper.UserMapper.selectByExample  : ==> Parameters: cc03cb11-af08-4b0a-ad5a-815484e36a21(String)
2021-07-07 17:58:54.159 DEBUG 16980 --- [http-nio-8887-exec-4] l.h.c.mapper.UserMapper.selectByExample  : <==      Total: 1
2021-07-07 17:58:54.159 DEBUG 16980 --- [http-nio-8887-exec-4] l.h.c.m.N.countByExample                 : ==>  Preparing: select count(*) from NOTIFICATION WHERE ( RECEIVER = ? and STATUS = ? )
2021-07-07 17:58:54.160 DEBUG 16980 --- [http-nio-8887-exec-4] l.h.c.m.N.countByExample                 : ==> Parameters: 193(Integer), 0(Integer)
2021-07-07 17:58:54.160 DEBUG 16980 --- [http-nio-8887-exec-4] l.h.c.m.N.countByExample                 : <==      Total: 1
2021-07-07 17:58:54.160 DEBUG 16980 --- [http-nio-8887-exec-8] l.h.c.mapper.UserMapper.selectByExample  : ==>  Preparing: select ID, ACCOUNT_ID, NAME, TOKEN, GMT_CREATE, GMT_MODIFIED, BIO, AVATAR_URL from USER WHERE ( TOKEN = ? )
2021-07-07 17:58:54.160 DEBUG 16980 --- [http-nio-8887-exec-8] l.h.c.mapper.UserMapper.selectByExample  : ==> Parameters: cc03cb11-af08-4b0a-ad5a-815484e36a21(String)
2021-07-07 17:58:54.160 DEBUG 16980 --- [http-nio-8887-exec-8] l.h.c.mapper.UserMapper.selectByExample  : <==      Total: 1
2021-07-07 17:58:54.161 DEBUG 16980 --- [http-nio-8887-exec-8] l.h.c.m.N.countByExample                 : ==>  Preparing: select count(*) from NOTIFICATION WHERE ( RECEIVER = ? and STATUS = ? )
2021-07-07 17:58:54.161 DEBUG 16980 --- [http-nio-8887-exec-8] l.h.c.m.N.countByExample                 : ==> Parameters: 193(Integer), 0(Integer)
2021-07-07 17:58:54.161 DEBUG 16980 --- [http-nio-8887-exec-8] l.h.c.m.N.countByExample                 : <==      Total: 1
2021-07-07 17:58:54.180 DEBUG 16980 --- [http-nio-8887-exec-1] l.h.c.mapper.UserMapper.selectByExample  : ==>  Preparing: select ID, ACCOUNT_ID, NAME, TOKEN, GMT_CREATE, GMT_MODIFIED, BIO, AVATAR_URL from USER WHERE ( TOKEN = ? )
2021-07-07 17:58:54.180 DEBUG 16980 --- [http-nio-8887-exec-1] l.h.c.mapper.UserMapper.selectByExample  : ==> Parameters: cc03cb11-af08-4b0a-ad5a-815484e36a21(String)
2021-07-07 17:58:54.180 DEBUG 16980 --- [http-nio-8887-exec-1] l.h.c.mapper.UserMapper.selectByExample  : <==      Total: 1
2021-07-07 17:58:54.181 DEBUG 16980 --- [http-nio-8887-exec-1] l.h.c.m.N.countByExample                 : ==>  Preparing: select count(*) from NOTIFICATION WHERE ( RECEIVER = ? and STATUS = ? )
2021-07-07 17:58:54.181 DEBUG 16980 --- [http-nio-8887-exec-1] l.h.c.m.N.countByExample                 : ==> Parameters: 193(Integer), 0(Integer)
2021-07-07 17:58:54.181 DEBUG 16980 --- [http-nio-8887-exec-1] l.h.c.m.N.countByExample                 : <==      Total: 1
2021-07-07 17:58:54.214 DEBUG 16980 --- [http-nio-8887-exec-7] l.h.c.mapper.UserMapper.selectByExample  : ==>  Preparing: select ID, ACCOUNT_ID, NAME, TOKEN, GMT_CREATE, GMT_MODIFIED, BIO, AVATAR_URL from USER WHERE ( TOKEN = ? )
2021-07-07 17:58:54.214 DEBUG 16980 --- [http-nio-8887-exec-7] l.h.c.mapper.UserMapper.selectByExample  : ==> Parameters: cc03cb11-af08-4b0a-ad5a-815484e36a21(String)
2021-07-07 17:58:54.214 DEBUG 16980 --- [http-nio-8887-exec-7] l.h.c.mapper.UserMapper.selectByExample  : <==      Total: 1
2021-07-07 17:58:54.215 DEBUG 16980 --- [http-nio-8887-exec-7] l.h.c.m.N.countByExample                 : ==>  Preparing: select count(*) from NOTIFICATION WHERE ( RECEIVER = ? and STATUS = ? )
2021-07-07 17:58:54.215 DEBUG 16980 --- [http-nio-8887-exec-7] l.h.c.m.N.countByExample                 : ==> Parameters: 193(Integer), 0(Integer)
2021-07-07 17:58:54.215 DEBUG 16980 --- [http-nio-8887-exec-7] l.h.c.m.N.countByExample                 : <==      Total: 1
2021-07-07 18:11:31.392  INFO 16980 --- [http-nio-8887-exec-3] o.apache.coyote.http11.Http11Processor   : Error parsing HTTP request header
 Note: further occurrences of HTTP request parsing errors will be logged at DEBUG level.

java.lang.IllegalArgumentException: Invalid character found in method name [0x13BitTorrent ]. HTTP method names must be tokens
	at org.apache.coyote.http11.Http11InputBuffer.parseRequestLine(Http11InputBuffer.java:417) ~[tomcat-embed-core-9.0.46.jar:9.0.46]
	at org.apache.coyote.http11.Http11Processor.service(Http11Processor.java:261) ~[tomcat-embed-core-9.0.46.jar:9.0.46]
	at org.apache.coyote.AbstractProcessorLight.process(AbstractProcessorLight.java:65) [tomcat-embed-core-9.0.46.jar:9.0.46]
	at org.apache.coyote.AbstractProtocol$ConnectionHandler.process(AbstractProtocol.java:893) [tomcat-embed-core-9.0.46.jar:9.0.46]
	at org.apache.tomcat.util.net.NioEndpoint$SocketProcessor.doRun(NioEndpoint.java:1707) [tomcat-embed-core-9.0.46.jar:9.0.46]
	at org.apache.tomcat.util.net.SocketProcessorBase.run(SocketProcessorBase.java:49) [tomcat-embed-core-9.0.46.jar:9.0.46]
	at java.util.concurrent.ThreadPoolExecutor.runWorker(ThreadPoolExecutor.java:1149) [na:1.8.0_281]
	at java.util.concurrent.ThreadPoolExecutor$Worker.run(ThreadPoolExecutor.java:624) [na:1.8.0_281]
	at org.apache.tomcat.util.threads.TaskThread$WrappingRunnable.run(TaskThread.java:61) [tomcat-embed-core-9.0.46.jar:9.0.46]
	at java.lang.Thread.run(Thread.java:748) [na:1.8.0_281]

2021-07-07 18:15:19.843  INFO 2924 --- [restartedMain] l.h.community.CommunityApplication       : Starting CommunityApplication using Java 1.8.0_281 on SKY-20160126AZB with PID 2924 (C:\Users\Administrator\Desktop\community\target\classes started by Administrator in C:\Users\Administrator\Desktop\community)
2021-07-07 18:15:19.848  INFO 2924 --- [restartedMain] l.h.community.CommunityApplication       : No active profile set, falling back to default profiles: default
2021-07-07 18:15:19.926  INFO 2924 --- [restartedMain] .e.DevToolsPropertyDefaultsPostProcessor : Devtools property defaults active! Set 'spring.devtools.add-properties' to 'false' to disable
2021-07-07 18:15:19.927  INFO 2924 --- [restartedMain] .e.DevToolsPropertyDefaultsPostProcessor : For additional web related logging consider setting the 'logging.level.web' property to 'DEBUG'
2021-07-07 18:15:22.001  INFO 2924 --- [restartedMain] o.s.b.w.embedded.tomcat.TomcatWebServer  : Tomcat initialized with port(s): 8887 (http)
2021-07-07 18:15:22.014  INFO 2924 --- [restartedMain] o.apache.catalina.core.StandardService   : Starting service [Tomcat]
2021-07-07 18:15:22.014  INFO 2924 --- [restartedMain] org.apache.catalina.core.StandardEngine  : Starting Servlet engine: [Apache Tomcat/9.0.46]
2021-07-07 18:15:22.291  INFO 2924 --- [restartedMain] o.a.c.c.C.[Tomcat].[localhost].[/]       : Initializing Spring embedded WebApplicationContext
2021-07-07 18:15:22.292  INFO 2924 --- [restartedMain] w.s.c.ServletWebServerApplicationContext : Root WebApplicationContext: initialization completed in 2363 ms
2021-07-07 18:15:22.340  INFO 2924 --- [restartedMain] com.zaxxer.hikari.HikariDataSource       : HikariPool-1 - Starting...
2021-07-07 18:15:22.635  INFO 2924 --- [restartedMain] com.zaxxer.hikari.HikariDataSource       : HikariPool-1 - Start completed.
2021-07-07 18:15:22.644  INFO 2924 --- [restartedMain] o.s.b.a.h2.H2ConsoleAutoConfiguration    : H2 console available at '/h2-console'. Database available at 'jdbc:h2:C:/Users/Administrator/Desktop/community/src/main/java/life/haiming/community'
2021-07-07 18:15:23.709  INFO 2924 --- [restartedMain] o.s.b.a.w.s.WelcomePageHandlerMapping    : Adding welcome page template: index
2021-07-07 18:15:24.901  INFO 2924 --- [restartedMain] o.s.b.d.a.OptionalLiveReloadServer       : LiveReload server is running on port 35729
2021-07-07 18:15:24.950  INFO 2924 --- [restartedMain] o.s.b.w.embedded.tomcat.TomcatWebServer  : Tomcat started on port(s): 8887 (http) with context path ''
2021-07-07 18:15:24.966  INFO 2924 --- [restartedMain] l.h.community.CommunityApplication       : Started CommunityApplication in 5.924 seconds (JVM running for 9.017)
2021-07-07 18:15:24.968  INFO 2924 --- [restartedMain] o.s.b.a.ApplicationAvailabilityBean      : Application availability state LivenessState changed to CORRECT
2021-07-07 18:15:24.970  INFO 2924 --- [restartedMain] o.s.b.a.ApplicationAvailabilityBean      : Application availability state ReadinessState changed to ACCEPTING_TRAFFIC
2021-07-07 18:15:26.689  INFO 2924 --- [http-nio-8887-exec-1] o.a.c.c.C.[Tomcat].[localhost].[/]       : Initializing Spring DispatcherServlet 'dispatcherServlet'
2021-07-07 18:15:26.690  INFO 2924 --- [http-nio-8887-exec-1] o.s.web.servlet.DispatcherServlet        : Initializing Servlet 'dispatcherServlet'
2021-07-07 18:15:26.691  INFO 2924 --- [http-nio-8887-exec-1] o.s.web.servlet.DispatcherServlet        : Completed initialization in 1 ms
2021-07-07 18:16:31.771  INFO 18780 --- [restartedMain] l.h.community.CommunityApplication       : Starting CommunityApplication using Java 1.8.0_281 on SKY-20160126AZB with PID 18780 (C:\Users\Administrator\Desktop\community\target\classes started by Administrator in C:\Users\Administrator\Desktop\community)
2021-07-07 18:16:31.777  INFO 18780 --- [restartedMain] l.h.community.CommunityApplication       : No active profile set, falling back to default profiles: default
2021-07-07 18:16:31.864  INFO 18780 --- [restartedMain] .e.DevToolsPropertyDefaultsPostProcessor : Devtools property defaults active! Set 'spring.devtools.add-properties' to 'false' to disable
2021-07-07 18:16:31.865  INFO 18780 --- [restartedMain] .e.DevToolsPropertyDefaultsPostProcessor : For additional web related logging consider setting the 'logging.level.web' property to 'DEBUG'
2021-07-07 18:16:33.901  INFO 18780 --- [restartedMain] o.s.b.w.embedded.tomcat.TomcatWebServer  : Tomcat initialized with port(s): 8887 (http)
2021-07-07 18:16:33.912  INFO 18780 --- [restartedMain] o.apache.catalina.core.StandardService   : Starting service [Tomcat]
2021-07-07 18:16:33.912  INFO 18780 --- [restartedMain] org.apache.catalina.core.StandardEngine  : Starting Servlet engine: [Apache Tomcat/9.0.46]
2021-07-07 18:16:34.150  INFO 18780 --- [restartedMain] o.a.c.c.C.[Tomcat].[localhost].[/]       : Initializing Spring embedded WebApplicationContext
2021-07-07 18:16:34.150  INFO 18780 --- [restartedMain] w.s.c.ServletWebServerApplicationContext : Root WebApplicationContext: initialization completed in 2282 ms
2021-07-07 18:16:34.190  INFO 18780 --- [restartedMain] com.zaxxer.hikari.HikariDataSource       : HikariPool-1 - Starting...
2021-07-07 18:16:34.458  INFO 18780 --- [restartedMain] com.zaxxer.hikari.HikariDataSource       : HikariPool-1 - Start completed.
2021-07-07 18:16:34.465  INFO 18780 --- [restartedMain] o.s.b.a.h2.H2ConsoleAutoConfiguration    : H2 console available at '/h2-console'. Database available at 'jdbc:h2:C:/Users/Administrator/Desktop/community/src/main/java/life/haiming/community'
2021-07-07 18:16:35.295  INFO 18780 --- [restartedMain] o.s.b.a.w.s.WelcomePageHandlerMapping    : Adding welcome page template: index
2021-07-07 18:16:36.422  INFO 18780 --- [restartedMain] o.s.b.d.a.OptionalLiveReloadServer       : LiveReload server is running on port 35729
2021-07-07 18:16:36.476  INFO 18780 --- [restartedMain] o.s.b.w.embedded.tomcat.TomcatWebServer  : Tomcat started on port(s): 8887 (http) with context path ''
2021-07-07 18:16:36.493  INFO 18780 --- [restartedMain] l.h.community.CommunityApplication       : Started CommunityApplication in 5.549 seconds (JVM running for 8.832)
2021-07-07 18:16:36.496  INFO 18780 --- [restartedMain] o.s.b.a.ApplicationAvailabilityBean      : Application availability state LivenessState changed to CORRECT
2021-07-07 18:16:36.500  INFO 18780 --- [restartedMain] o.s.b.a.ApplicationAvailabilityBean      : Application availability state ReadinessState changed to ACCEPTING_TRAFFIC
